{"/workspaces/DAT251/src/utils/acronym.ts": {"path":"/workspaces/DAT251/src/utils/acronym.ts","statementMap":{"0":{"start":{"line":2,"column":22},"end":{"line":2,"column":43}},"1":{"start":{"line":4,"column":4},"end":{"line":6,"column":5}},"2":{"start":{"line":5,"column":8},"end":{"line":5,"column":33}},"3":{"start":{"line":8,"column":4},"end":{"line":8,"column":15}}},"fnMap":{"0":{"name":"acronym","decl":{"start":{"line":1,"column":24},"end":{"line":1,"column":31}},"loc":{"start":{"line":1,"column":43},"end":{"line":9,"column":1}},"line":1}},"branchMap":{"0":{"loc":{"start":{"line":1,"column":32},"end":{"line":1,"column":41}},"type":"default-arg","locations":[{"start":{"line":1,"column":39},"end":{"line":1,"column":41}}],"line":1},"1":{"loc":{"start":{"line":4,"column":4},"end":{"line":6,"column":5}},"type":"if","locations":[{"start":{"line":4,"column":4},"end":{"line":6,"column":5}},{"start":{},"end":{}}],"line":4}},"s":{"0":4,"1":4,"2":3,"3":1},"f":{"0":4},"b":{"0":[0],"1":[3,1]},"_coverageSchema":"1a1c01bbd47fc00a2c39e90264f33305004495a9","hash":"a43b17f5bba633f4cfbc62b3c33db90c91591732"}
,"/workspaces/DAT251/src/utils/isLastChild.ts": {"path":"/workspaces/DAT251/src/utils/isLastChild.ts","statementMap":{"0":{"start":{"line":2,"column":4},"end":{"line":2,"column":35}}},"fnMap":{"0":{"name":"isLastChild","decl":{"start":{"line":1,"column":24},"end":{"line":1,"column":35}},"loc":{"start":{"line":1,"column":72},"end":{"line":3,"column":1}},"line":1}},"branchMap":{},"s":{"0":1},"f":{"0":1},"b":{},"_coverageSchema":"1a1c01bbd47fc00a2c39e90264f33305004495a9","hash":"b44ace48cc1e7eadb3546a10a482f92f697f9eee"}
}
